Controller ip's ['192.168.120.123', '192.168.120.131', '192.168.120.129']
Compute ip's ['192.168.120.122', '192.168.120.130', '192.168.120.134']
==========================================================================================================
====         DVR TEST CASE 11:    Verify L2population enabled on all compute and controller nodes.   =====
==========================================================================================================
Checking in Compute: 192.168.120.122
mechanism_drivers=openvswitch,l2population

COMPUTE TEST SUCCESSFUL
Checking in Compute: 192.168.120.130
mechanism_drivers=openvswitch,l2population

COMPUTE TEST SUCCESSFUL
Checking in Compute: 192.168.120.134
mechanism_drivers=openvswitch,l2population

COMPUTE TEST SUCCESSFUL
Checking in Controller: 192.168.120.123
mechanism_drivers=openvswitch,l2population

CONTROLLER TEST SUCCESSFUL
Checking in Controller: 192.168.120.131
mechanism_drivers=openvswitch,l2population

CONTROLLER TEST SUCCESSFUL
Checking in Controller: 192.168.120.129
mechanism_drivers=openvswitch,l2population

CONTROLLER TEST SUCCESSFUL
==========================================================================================================
====         DVR TEST CASE 10:    Verify that metadata agent distributed on all Compute nodes.       =====
==========================================================================================================
 r8-14g-dell-compute-0.oss.labs  found
 r8-14g-dell-compute-1.oss.labs  found
 r8-14g-dell-compute-2.oss.labs  found
TEST SUCCESSFUL
==========================================================================================================
====         DVR TEST CASE 9:     Associate the floating ip to the instance                         =====
====         verify that namespace for floating Ip 'fip' is created on that Compute node             =====
==========================================================================================================
Creating Network: tt_net
Creating Router: tt_router
Creating Server: tt_vm
Server Count: 1

Server Created Successfully!
Creating & Assigning Floating IP..
TEST SUCCESSFUL
Deleting Server: tt_vm..
Server Deleted successfully
Deleting all unattached floating IPs.
Deleting Network & Router..
Deleting Interfaces..
Interface Deleted successfully
Deleting Port..
Port Deleted successfully
Deleting Subnetwork..
Subnet Deleted successfully
Deleting Network..
Network Deleted successfully
Deleting Router..
Router Deleted successfully
