Creating Server: centos
Server Count: 3

Server Created Successfully!
Creating Instance Snapshot: centos_snap
Creating Server: centos_snap_vm
Server Count: 3

Server Created Successfully!
Deleting Server: centos-1..
Server Deleted successfully
Deleting Server: centos-2..
Server Deleted successfully
Deleting Server: centos-3..
Server Deleted successfully
Deleting all unattached floating IPs.
Deleting Server: centos_snap_vm-1..
Server Deleted successfully
Deleting Server: centos_snap_vm-2..
Server Deleted successfully
Deleting Server: centos_snap_vm-3..
Server Deleted successfully
Deleting all unattached floating IPs.
