Creating Server: centos
Server Count: 3

Server Created Successfully!
Deleting Server: centos-1..
Server Deleted successfully
Deleting Server: centos-2..
Server Deleted successfully
Deleting Server: centos-3..
Server Deleted successfully
Deleting all unattached floating IPs.
Creating two instances on Same Compute and on Different Tenant Network..
Creating Network: net1
Creating Network: net2
Creating Router: router
Creating Server: test_1
Server Count: 1

Server Created Successfully!
Creating Server: test_2
Server Count: 1

Server Created Successfully!
Instance1 >> Fixed IP: ()
Instance2 >> Fixed IP: ()
Deleting all unattached floating IPs.
Deleting all unattached floating IPs.
Deleting Network: net1 and net2
Deleting Interfaces..
Interface Deleted successfully
Deleting Interfaces..
Interface Deleted successfully
Deleting Port..
Port Deleted successfully
Deleting Port..
Port Deleted successfully
Deleting Subnetwork..
