==========================================================================================================
====         OCTAVIA TEST CASE 1:      CREATE A LOADBALANCER and Verify it By sending HTTP TRAFFIC.  =====
==========================================================================================================
Creating two instances on Same Compute and Same Tenant Network..
Creating Network: octavia-network
Creating Router: octavia-router
Creating Server: octavia-vm1
Server Count: 1

Unable to create server!
Error: <class 'openstack.exceptions.BadRequestException'>
Cause: BadRequestException: 400: Client Error for url: http://100.67.153.61:8774/v2.1/servers, The requested availability zone is not available
Line No: 661 

Creating Server: octavia-vm2
Server Count: 1

Unable to create server!
Error: <class 'openstack.exceptions.BadRequestException'>
Cause: BadRequestException: 400: Client Error for url: http://100.67.153.61:8774/v2.1/servers, The requested availability zone is not available
Line No: 661 


Unable to create 2 instances on same compute and same network
Error: <type 'exceptions.AttributeError'>
Cause: 'NoneType' object has no attribute 'accessIPv4'
Line No: 1314 

output None
Unable to execute test case 1

Error: <type 'exceptions.TypeError'>
Cause: 'NoneType' object has no attribute '__getitem__'
Line No: 129 

member1 deleting..
member2 deleting..
Pool deleting..
Listener deleting..
Loadbalancer deleting..
Loadbalancer deleted Successfully
Deleting Server: octavia-vm1..
Server deletion failed!
Deleting all unattached floating IPs.
Deleting Server: octavia-vm2..
Server deletion failed!
Deleting all unattached floating IPs.
Deleting Network & Router..
Deleting Interfaces..
Interface Deleted successfully
Deleting Port..
Port Deleted successfully
Deleting Subnetwork..
Subnet Deleted successfully
Deleting Network..
Network Deleted successfully
Deleting Router..
Router Deleted successfully
