f_ip value 
==========================================================================================================
====         OCTAVIA TEST CASE 1:      CREATE A LOADBALANCER and Verify it By sending HTTP TRAFFIC.  =====
==========================================================================================================
Creating two instances on Same Compute and Same Tenant Network..
Creating Network: octavia-network
Network already exists with the same name.
Creating Router: octavia-router
Router already exists.
Creating Server: octavia_vm1_fio
Server Count: 1

Unable to create server!
Error: <class 'openstack.exceptions.ResourceTimeout'>
Cause: Timeout waiting for the server to come up.
Line No: 667 

Creating Server: octavia_vm2_fio
Server Count: 1

Unable to create server!
Error: <class 'openstack.exceptions.ResourceTimeout'>
Cause: Timeout waiting for the server to come up.
Line No: 667 


Unable to create 2 instances on same compute and same network
Error: <type 'exceptions.AttributeError'>
Cause: 'NoneType' object has no attribute 'accessIPv4'
Line No: 1314 

output None
Unable to execute test case 1

Error: <type 'exceptions.TypeError'>
Cause: 'NoneType' object has no attribute '__getitem__'
Line No: 132 

member1 deleting..
member2 deleting..
Pool deleting..
Listener deleting..
Loadbalancer deleting..
Loadbalancer deleted Successfully
Deleting Server: octavia_vm1_fio..
Server Deleted successfully
Deleting all unattached floating IPs.
Deleting Server: octavia_vm2_fio..
Server Deleted successfully
Deleting all unattached floating IPs.
Deleting Network & Router..
Deleting Interfaces..
