f_ip value 
==========================================================================================================
====         OCTAVIA TEST CASE 1:      CREATE A LOADBALANCER and Verify it By sending HTTP TRAFFIC.  =====
==========================================================================================================
Creating two instances on Same Compute and Same Tenant Network..
Creating Network: ceph-net
Network already exists with the same name.
Creating Router: ceph-router
Router already exists.
Creating Server: ceph-vm1
Server Count: 1

Unable to create server!
Error: <class 'openstack.exceptions.SDKException'>
Cause: Error in creating the server
Line No: 667 

Creating Server: ceph-vm2
Server Count: 1

Unable to create server!
Error: <class 'openstack.exceptions.SDKException'>
Cause: Error in creating the server
Line No: 667 


Unable to create 2 instances on same compute and same network
Error: <type 'exceptions.AttributeError'>
Cause: 'NoneType' object has no attribute 'accessIPv4'
Line No: 1314 

output None
Unable to execute test case 1

Error: <type 'exceptions.TypeError'>
Cause: 'NoneType' object has no attribute '__getitem__'
Line No: 132 

member1 deleting..
