==========================================================================================================
====  TEST CASE 13: Run iperf3 test of an sriov instance to ovs-dpdk instance in different scenarios  ====
====     1.same compute same network ====
==========================================================================================================
Creating Sriov Enabled Network: sriov_dpdk_net
Creating Sriov Enabled SubNet: sriov_dpdk_subnet
Creating Sriov Enabled Port: s_port
Creating Router: sriov_dpdk_router
Network already exists with the same name.
Creating Router: sriov_dpdk_router
Router already exists.
Creating Server with Port ID..
Creating & Assigning Floating IP..
Instance >> Fixed IP: (192.168.70.5) , Floating IP: (100.82.39.82)
Creating Network: sriov_dpdk_net
Network already exists with the same name.
Creating Router: sriov_dpdk_router
Router already exists.
Creating Server: d_instance
Server Count: 1

Unable to create server!
Error: <type 'exceptions.AttributeError'>
Cause: 'NoneType' object has no attribute 'id'
Line No: 690 


Unable to create 1 instances on same compute and same network
Error: <type 'exceptions.AttributeError'>
Cause: 'NoneType' object has no attribute 'id'
Line No: 1137 

Unable to execute test case 13

Error: <type 'exceptions.TypeError'>
Cause: 'NoneType' object has no attribute '__getitem__'
Line No: 1017 

Deleting Server: s_instance..
Server Deleted successfully
Deleting all unattached floating IPs.
Deleting Server: d_instance..
Server deletion failed!
Deleting all unattached floating IPs.
Deleting Network & Router..
Deleting Interfaces..
Interface Deleted successfully
Deleting Port..
Port Deleted successfully
Deleting Subnetwork..
Subnet Deleted successfully
Deleting Network..
Network Deleted successfully
Deleting Router..
Router Deleted successfully
