
=====================================================================================
Executing Test Case 4 (Validate Hugepages are enabled and working fine with OVS DPDK)
=====================================================================================
Creating Network: st_network
Creating Router: st_router
Creating Server: tt_vm
Creating & Assigning Floating IP..
Instance >> Fixed IP: (192.168.10.25) , Floating IP: (100.82.39.89)
PING 100.82.39.89 (100.82.39.89) 56(84) bytes of data.
64 bytes from 100.82.39.89: icmp_seq=1 ttl=62 time=0.515 ms
64 bytes from 100.82.39.89: icmp_seq=2 ttl=62 time=0.551 ms
64 bytes from 100.82.39.89: icmp_seq=3 ttl=62 time=0.492 ms
64 bytes from 100.82.39.89: icmp_seq=4 ttl=62 time=0.343 ms
64 bytes from 100.82.39.89: icmp_seq=5 ttl=62 time=0.419 ms

--- 100.82.39.89 ping statistics ---
5 packets transmitted, 5 received, 0% packet loss, time 4001ms
rtt min/avg/max/mdev = 0.343/0.464/0.551/0.074 ms
Deleting Server: tt_vm..
Server Deleted successfully
Deleting all unattached floating IPs.
Deleting Network & Router..
Deleting Interfaces..
Interface Deleted successfully
Deleting Port..
Port Deleted successfully
Deleting Subnetwork..
Subnet Deleted successfully
Deleting Network..
Network Deleted successfully
Deleting Router..
Router Deleted successfully

==============================================================================================
Executing Test Case 5 (Validate Numa is enabled and CPU pinning is working fine with OVS DPDK)
==============================================================================================
Creating Network: st_network
Creating Router: st_router
Creating Server: tt_vm
Creating & Assigning Floating IP..
Instance >> Fixed IP: (192.168.10.25) , Floating IP: (100.82.39.73)
PING 100.82.39.73 (100.82.39.73) 56(84) bytes of data.
64 bytes from 100.82.39.73: icmp_seq=1 ttl=62 time=0.552 ms
64 bytes from 100.82.39.73: icmp_seq=2 ttl=62 time=0.604 ms
64 bytes from 100.82.39.73: icmp_seq=3 ttl=62 time=0.412 ms
64 bytes from 100.82.39.73: icmp_seq=4 ttl=62 time=0.679 ms
64 bytes from 100.82.39.73: icmp_seq=5 ttl=62 time=0.486 ms

--- 100.82.39.73 ping statistics ---
5 packets transmitted, 5 received, 0% packet loss, time 4000ms
rtt min/avg/max/mdev = 0.412/0.546/0.679/0.095 ms
Test 3 SUCCESSFUL
Executing command: sudo virsh dumpxml 39de5d0a-ae08-4383-9be6-7bd692188087 on Compute: 192.168.120.141
<domain type='kvm' id='7'>
  <name>instance-0000001a</name>
  <uuid>39de5d0a-ae08-4383-9be6-7bd692188087</uuid>
  <metadata>
    <nova:instance xmlns:nova="http://openstack.org/xmlns/libvirt/nova/1.0">
      <nova:package version="17.0.10-1.el7ost"/>
      <nova:name>tt_vm</nova:name>
      <nova:creationTime>2019-10-04 09:24:20</nova:creationTime>
      <nova:flavor name="sanity_flavor">
        <nova:memory>2048</nova:memory>
        <nova:disk>20</nova:disk>
        <nova:swap>0</nova:swap>
        <nova:ephemeral>0</nova:ephemeral>
        <nova:vcpus>1</nova:vcpus>
      </nova:flavor>
      <nova:owner>
        <nova:user uuid="7fc3c3e6000447c3bae8829e39e4b548">admin</nova:user>
        <nova:project uuid="7a3cc7b0696545b59bc7266838649b39">admin</nova:project>
      </nova:owner>
      <nova:root type="image" uuid="b128efb0-086d-450d-8ceb-cc93949b84cc"/>
    </nova:instance>
  </metadata>
  <memory unit='KiB'>2097152</memory>
  <currentMemory unit='KiB'>2097152</currentMemory>
  <memoryBacking>
    <hugepages>
      <page size='1048576' unit='KiB' nodeset='0'/>
    </hugepages>
  </memoryBacking>
  <vcpu placement='static'>1</vcpu>
  <cputune>
    <shares>1024</shares>
    <vcpupin vcpu='0' cpuset='18'/>
    <emulatorpin cpuset='58'/>
  </cputune>
  <numatune>
    <memory mode='strict' nodeset='0'/>
    <memnode cellid='0' mode='strict' nodeset='0'/>
  </numatune>
  <resource>
    <partition>/machine</partition>
  </resource>
  <sysinfo type='smbios'>
    <system>
      <entry name='manufacturer'>Red Hat</entry>
      <entry name='product'>OpenStack Compute</entry>
      <entry name='version'>17.0.10-1.el7ost</entry>
      <entry name='serial'>4c4c4544-0052-4310-8046-c6c04f375832</entry>
      <entry name='uuid'>39de5d0a-ae08-4383-9be6-7bd692188087</entry>
      <entry name='family'>Virtual Machine</entry>
    </system>
  </sysinfo>
  <os>
    <type arch='x86_64' machine='pc-i440fx-rhel7.6.0'>hvm</type>
    <boot dev='hd'/>
    <smbios mode='sysinfo'/>
  </os>
  <features>
    <acpi/>
    <apic/>
  </features>
  <cpu mode='custom' match='exact' check='full'>
    <model fallback='forbid'>Skylake-Server-IBRS</model>
    <vendor>Intel</vendor>
    <topology sockets='1' cores='1' threads='1'/>
    <feature policy='require' name='ss'/>
    <feature policy='require' name='hypervisor'/>
    <feature policy='require' name='tsc_adjust'/>
    <feature policy='require' name='clflushopt'/>
    <feature policy='require' name='pku'/>
    <feature policy='require' name='avx512vnni'/>
    <feature policy='require' name='md-clear'/>
    <feature policy='require' name='stibp'/>
    <feature policy='require' name='ssbd'/>
    <numa>
      <cell id='0' cpus='0' memory='2097152' unit='KiB' memAccess='shared'/>
    </numa>
  </cpu>
  <clock offset='utc'>
    <timer name='pit' tickpolicy='delay'/>
    <timer name='rtc' tickpolicy='catchup'/>
    <timer name='hpet' present='no'/>
  </clock>
  <on_poweroff>destroy</on_poweroff>
  <on_reboot>restart</on_reboot>
  <on_crash>destroy</on_crash>
  <devices>
    <emulator>/usr/libexec/qemu-kvm</emulator>
    <disk type='network' device='disk'>
      <driver name='qemu' type='raw' cache='writeback' discard='unmap'/>
      <auth username='openstack'>
        <secret type='ceph' uuid='6f69fd08-e4f6-11e9-b2d9-525400ffa80a'/>
      </auth>
      <source protocol='rbd' name='vms/39de5d0a-ae08-4383-9be6-7bd692188087_disk'>
        <host name='192.168.170.12' port='6789'/>
        <host name='192.168.170.13' port='6789'/>
        <host name='192.168.170.14' port='6789'/>
      </source>
      <target dev='vda' bus='virtio'/>
      <alias name='virtio-disk0'/>
      <address type='pci' domain='0x0000' bus='0x00' slot='0x04' function='0x0'/>
    </disk>
    <controller type='usb' index='0' model='piix3-uhci'>
      <alias name='usb'/>
      <address type='pci' domain='0x0000' bus='0x00' slot='0x01' function='0x2'/>
    </controller>
    <controller type='pci' index='0' model='pci-root'>
      <alias name='pci.0'/>
    </controller>
    <interface type='vhostuser'>
      <mac address='fa:16:3e:78:bc:61'/>
      <source type='unix' path='/var/lib/vhost_sockets/vhu6c495b4c-94' mode='server'/>
      <target dev='vhu6c495b4c-94'/>
      <model type='virtio'/>
      <driver rx_queue_size='512' tx_queue_size='512'/>
      <alias name='net0'/>
      <address type='pci' domain='0x0000' bus='0x00' slot='0x03' function='0x0'/>
    </interface>
    <serial type='pty'>
      <source path='/dev/pts/0'/>
      <log file='/var/lib/nova/instances/39de5d0a-ae08-4383-9be6-7bd692188087/console.log' append='off'/>
      <target type='isa-serial' port='0'>
        <model name='isa-serial'/>
      </target>
      <alias name='serial0'/>
    </serial>
    <console type='pty' tty='/dev/pts/0'>
      <source path='/dev/pts/0'/>
      <log file='/var/lib/nova/instances/39de5d0a-ae08-4383-9be6-7bd692188087/console.log' append='off'/>
      <target type='serial' port='0'/>
      <alias name='serial0'/>
    </console>
    <input type='tablet' bus='usb'>
      <alias name='input0'/>
      <address type='usb' bus='0' port='1'/>
    </input>
    <input type='mouse' bus='ps2'>
      <alias name='input1'/>
    </input>
    <input type='keyboard' bus='ps2'>
      <alias name='input2'/>
    </input>
    <graphics type='vnc' port='5900' autoport='yes' listen='192.168.140.15' keymap='en-us'>
      <listen type='address' address='192.168.140.15'/>
    </graphics>
    <video>
      <model type='cirrus' vram='16384' heads='1' primary='yes'/>
      <alias name='video0'/>
      <address type='pci' domain='0x0000' bus='0x00' slot='0x02' function='0x0'/>
    </video>
    <memballoon model='virtio'>
      <stats period='10'/>
      <alias name='balloon0'/>
      <address type='pci' domain='0x0000' bus='0x00' slot='0x05' function='0x0'/>
    </memballoon>
  </devices>
  <seclabel type='dynamic' model='selinux' relabel='yes'>
    <label>system_u:system_r:svirt_t:s0:c865,c987</label>
    <imagelabel>system_u:object_r:svirt_image_t:s0:c865,c987</imagelabel>
  </seclabel>
  <seclabel type='dynamic' model='dac' relabel='yes'>
    <label>+107:+42477</label>
    <imagelabel>+107:+42477</imagelabel>
  </seclabel>
</domain>


Need to add the test case pass fail criteria!!!
Deleting Server: tt_vm..
Server Deleted successfully
Deleting all unattached floating IPs.
Deleting Network & Router..
Deleting Interfaces..
Interface Deleted successfully
Deleting Port..
Port Deleted successfully
Deleting Subnetwork..
Subnet Deleted successfully
Deleting Network..
Network Deleted successfully
Deleting Router..
Router Deleted successfully
