==========================================================================================================
====  TEST CASE 11:     Ping an sriov instance to ovs-dpdk instance in different scenarios             ====
====  .same compute diff network ====
==========================================================================================================
Creating Sriov Enabled Network: sriov_dpdk_net1
Creating Sriov Enabled SubNet: sriov_dpdk_subnet1
Creating Sriov Enabled Port: s_port
Creating Network: sriov_dpdk_net2
Creating Router: sriov_dpdk_router
Network already exists with the same name.
Creating Router: sriov_dpdk_router
Router already exists.
Creating Server with Port ID..
Creating & Assigning Floating IP..
Instance >> Fixed IP: (192.168.70.6) , Floating IP: (100.67.153.76)
Creating Network: sriov_dpdk_net2
Network already exists with the same name.
Creating Router: sriov_dpdk_router
Router already exists.
Creating Server: d_instance
Server Count: 1

Server Created Successfully!
Assigning floating ip to d_instance
Creating & Assigning Floating IP..
Instance >> Fixed IP: (192.168.80.27) , Floating IP: (100.67.153.72)
PING 192.168.80.27 (192.168.80.27) 56(84) bytes of data.
64 bytes from 192.168.80.27: icmp_seq=1 ttl=63 time=0.910 ms
64 bytes from 192.168.80.27: icmp_seq=2 ttl=63 time=0.270 ms
64 bytes from 192.168.80.27: icmp_seq=3 ttl=63 time=0.139 ms
64 bytes from 192.168.80.27: icmp_seq=4 ttl=63 time=0.119 ms
64 bytes from 192.168.80.27: icmp_seq=5 ttl=63 time=0.137 ms

--- 192.168.80.27 ping statistics ---
5 packets transmitted, 5 received, 0% packet loss, time 4000ms
rtt min/avg/max/mdev = 0.119/0.315/0.910/0.302 ms

Test 11 same compute and diff network successful
Deleting Server: s_instance..
Server Deleted successfully
Deleting all unattached floating IPs.
Deleting Server: d_instance..
Server Deleted successfully
Deleting all unattached floating IPs.
Deleting Network: sriov_dpdk_net1 and sriov_dpdk_net2
Deleting Interfaces..
Interface Deleted successfully
Deleting Interfaces..
Interface Deleted successfully
Deleting Port..
Port Deleted successfully
Deleting Port..
Port Deleted successfully
Deleting Subnetwork..
Subnetwork Deleted successfully
Deleting Subnetwork..
Subnetwork Deleted successfully
Deleting Network..
Network Deleted successfully
Deleting Network..
Network Deleted successfully
Deleting Router: sriov_dpdk_router..
Router Deleted successfully
