==========================================================================================================
====         TEST CASE 1:     Create SRIOV Enabled Instance.                                     =====
==========================================================================================================
Network already exists with the same name.
Creating Sriov Enabled Port: sriov_net1_port_8
Creating Router: sriov_router_1
Router already exists.
Creating Server with Port ID..

Unable to create server with port id!
Error: <class 'openstack.exceptions.SDKException'>
Cause: Error in creating the server
Line No: 862 

Unable to execute test case 1(1)

Error: <type 'exceptions.TypeError'>
Cause: 'NoneType' object has no attribute '__getitem__'
Line No: 184 

Deleting Server: sriov-vm8..
Server Deleted successfully
Deleting all unattached floating IPs.
Deleting Network & Router..
Deleting Interfaces..
