==========================================================================================================
====  TEST CASE 12:     Ping an sriov instance to ovs-dpdk instance in different scenarios             ====
====  .diff compute diff network ====
==========================================================================================================
Creating Sriov Enabled Network: sriov_dpdk_net1
Creating Sriov Enabled SubNet: sriov_dpdk_subnet1
Creating Sriov Enabled Port: s_port
Creating Network: sriov_dpdk_net2
Creating Router: sriov_dpdk_router
Network already exists with the same name.
Creating Router: sriov_dpdk_router
Router already exists.
Creating Server with Port ID..
Creating & Assigning Floating IP..
Instance >> Fixed IP: (192.168.70.17) , Floating IP: (100.67.153.93)
Creating Network: sriov_dpdk_net2
Network already exists with the same name.
Creating Router: sriov_dpdk_router
Router already exists.
Creating Server: d_instance
Server Count: 1

Server Created Successfully!
Assigning floating ip to d_instance
Creating & Assigning Floating IP..
Instance >> Fixed IP: (192.168.80.26) , Floating IP: (100.67.153.75)
PING 192.168.80.26 (192.168.80.26) 56(84) bytes of data.
64 bytes from 192.168.80.26: icmp_seq=1 ttl=63 time=0.431 ms
64 bytes from 192.168.80.26: icmp_seq=2 ttl=63 time=0.290 ms
64 bytes from 192.168.80.26: icmp_seq=3 ttl=63 time=0.138 ms
64 bytes from 192.168.80.26: icmp_seq=4 ttl=63 time=0.188 ms
64 bytes from 192.168.80.26: icmp_seq=5 ttl=63 time=0.128 ms

--- 192.168.80.26 ping statistics ---
5 packets transmitted, 5 received, 0% packet loss, time 4000ms
rtt min/avg/max/mdev = 0.128/0.235/0.431/0.113 ms

Test 12 diff compute and diff network successful
Deleting Server: s_instance..
Server Deleted successfully
Deleting all unattached floating IPs.
Deleting Server: d_instance..
Server Deleted successfully
Deleting all unattached floating IPs.
Deleting Network: sriov_dpdk_net1 and sriov_dpdk_net2
Deleting Interfaces..
Interface Deleted successfully
Deleting Interfaces..
Interface Deleted successfully
Deleting Port..
Port Deleted successfully
Deleting Port..
Port Deleted successfully
Deleting Subnetwork..
Subnetwork Deleted successfully
Deleting Subnetwork..
Subnetwork Deleted successfully
Deleting Network..
Network Deleted successfully
Deleting Network..
Network Deleted successfully
Deleting Router: sriov_dpdk_router..
Router Deleted successfully
