==========================================================================================================
====         TEST CASE 1:     Verify the VFs creations on compute node.                          =====
==========================================================================================================
sriov_vf_count=4
['4']
ComputeSriovInterface1=p8p1
ComputeSriovInterface2=p4p1
['p8p1', 'p4p1']
ComputeSriovInterface1=p8p1
ComputeSriovInterface2=p4p1
['p8p1', 'p4p1']
['p8p1', 'p4p1']
vfcount in ini ['4']
vfport on stamp ['p8p1', 'p4p1']
VF Present for port p8p1
VF Present for port p4p1
Test Failed
ComputeSriovInterface1=p8p1
ComputeSriovInterface2=p4p1
['p8p1', 'p4p1']
['p8p1', 'p4p1']
vfcount in ini ['4']
vfport on stamp ['p8p1', 'p4p1']
VF Present for port p8p1
VF Present for port p4p1
Test Failed
ComputeSriovInterface1=p8p1
ComputeSriovInterface2=p4p1
['p8p1', 'p4p1']
['p8p1', 'p4p1']
vfcount in ini ['4']
vfport on stamp ['p8p1', 'p4p1']
VF Present for port p8p1
VF Present for port p4p1
Test Successful
