==========================================================================================================
====         TEST CASE 6:     Verify Representor Port Creation.                                     =====
==========================================================================================================
Creating Sriov Offload Enabled Network: sriov_net
Creating Sriov Offload Enabled SubNet: sriov_subnet
Creating Sriov Offload Enabled Port: s_port
Setting Switchdev Capabilities to Port: s_port
Creating Router: sriov_router
Creating Server with Port ID..
Creating & Assigning Floating IP..
Instance >> Fixed IP: (192.168.100.8) , Floating IP: (100.67.154.198)
system@ovs-system:
	lookups: hit:3125637 missed:6435048 lost:0
	flows: 61
	masks: hit:46528889 total:5 hit/pkt:4.87
	port 0: ovs-system (internal)
	port 1: br-tenant (internal)
	port 2: mlx_br2 (internal)
	port 3: mlx_br1 (internal)
	port 4: br-bond1 (internal)
	port 5: p4p1
	port 6: p8p1
	port 7: vlan130 (internal)
	port 8: bond0
	port 9: vlan140 (internal)
	port 10: bond1
	port 11: vlan170 (internal)
	port 12: br-ex (internal)
	port 13: br-int (internal)
	port 14: eth2

Test 6 SUCCESSFUL
Deleting Server: s_instance..
Server Deleted successfully
Deleting all unattached floating IPs.
Deleting Network & Router..
Deleting Interfaces..
Interface Deleted successfully
Deleting Port..
Port Deleted successfully
Deleting Subnetwork..
Subnet Deleted successfully
Deleting Network..
Network Deleted successfully
Deleting Router..
Router Deleted successfully
