==========================================================================================================
====         TEST CASE 1:     Verify the VFs creations on compute node.                          =====
==========================================================================================================
sriov_vf_count=4
['4']
ComputeSriovInterface1=p8p1
ComputeSriovInterface2=p4p1
['p8p1', 'p4p1']
ComputeSriovInterface1=p8p1
ComputeSriovInterface2=p4p1
['p8p1', 'p4p1']
['p8p1', 'p4p1']
vfcount in ini ['4']
vfport on stamp ['p8p1', 'p4p1']
12: p8p1: <BROADCAST,MULTICAST,UP,LOWER_UP> mtu 1500 qdisc mq master ovs-system state UP mode DEFAULT group default qlen 1000
    link/ether 98:03:9b:7f:80:a8 brd ff:ff:ff:ff:ff:ff
    vf 0 MAC 00:00:00:00:00:00, spoof checking off, link-state auto, trust off, query_rss off
    vf 1 MAC 00:00:00:00:00:00, spoof checking off, link-state auto, trust off, query_rss off
    vf 2 MAC fa:16:3e:89:28:bd, spoof checking on, link-state enable, trust off, query_rss off
    vf 3 MAC 00:00:00:00:00:00, spoof checking off, link-state auto, trust off, query_rss off

VF Present for port p8p1
10: p4p1: <BROADCAST,MULTICAST,UP,LOWER_UP> mtu 1500 qdisc mq master ovs-system state UP mode DEFAULT group default qlen 1000
    link/ether 98:03:9b:7f:7e:f0 brd ff:ff:ff:ff:ff:ff
    vf 0 MAC 00:00:00:00:00:00, spoof checking off, link-state auto, trust off, query_rss off
    vf 1 MAC fa:16:3e:f3:d5:ef, spoof checking on, link-state enable, trust off, query_rss off
    vf 2 MAC 00:00:00:00:00:00, spoof checking off, link-state auto, trust off, query_rss off
    vf 3 MAC fa:16:3e:3d:33:d6, spoof checking on, link-state enable, trust off, query_rss off

VF Present for port p4p1
2
ComputeSriovInterface1=p8p1
ComputeSriovInterface2=p4p1
['p8p1', 'p4p1']
['p8p1', 'p4p1']
vfcount in ini ['4']
vfport on stamp ['p8p1', 'p4p1']
12: p8p1: <BROADCAST,MULTICAST,UP,LOWER_UP> mtu 1500 qdisc mq master ovs-system state UP mode DEFAULT group default qlen 1000
    link/ether 98:03:9b:7f:7e:e8 brd ff:ff:ff:ff:ff:ff
    vf 0 MAC 00:00:00:00:00:00, spoof checking off, link-state auto, trust off, query_rss off
    vf 1 MAC fa:16:3e:73:2b:fa, spoof checking on, link-state enable, trust off, query_rss off
    vf 2 MAC fa:16:3e:d5:8e:2b, spoof checking on, link-state enable, trust off, query_rss off
    vf 3 MAC 00:00:00:00:00:00, spoof checking off, link-state auto, trust off, query_rss off

VF Present for port p8p1
10: p4p1: <BROADCAST,MULTICAST,UP,LOWER_UP> mtu 1500 qdisc mq master ovs-system state UP mode DEFAULT group default qlen 1000
    link/ether 98:03:9b:7f:8e:38 brd ff:ff:ff:ff:ff:ff
    vf 0 MAC 00:00:00:00:00:00, spoof checking off, link-state auto, trust off, query_rss off
    vf 1 MAC 00:00:00:00:00:00, spoof checking off, link-state auto, trust off, query_rss off
    vf 2 MAC 00:00:00:00:00:00, spoof checking off, link-state auto, trust off, query_rss off
    vf 3 MAC 00:00:00:00:00:00, spoof checking off, link-state auto, trust off, query_rss off

VF Present for port p4p1
4
ComputeSriovInterface1=p8p1
ComputeSriovInterface2=p4p1
['p8p1', 'p4p1']
['p8p1', 'p4p1']
vfcount in ini ['4']
vfport on stamp ['p8p1', 'p4p1']
12: p8p1: <BROADCAST,MULTICAST,UP,LOWER_UP> mtu 1500 qdisc mq master ovs-system state UP mode DEFAULT group default qlen 1000
    link/ether 98:03:9b:7f:7f:20 brd ff:ff:ff:ff:ff:ff
    vf 0 MAC 00:00:00:00:00:00, spoof checking off, link-state auto, trust off, query_rss off
    vf 1 MAC 00:00:00:00:00:00, spoof checking off, link-state auto, trust off, query_rss off
    vf 2 MAC 00:00:00:00:00:00, spoof checking off, link-state auto, trust off, query_rss off
    vf 3 MAC 00:00:00:00:00:00, spoof checking off, link-state auto, trust off, query_rss off

VF Present for port p8p1
10: p4p1: <BROADCAST,MULTICAST,UP,LOWER_UP> mtu 1500 qdisc mq master ovs-system state UP mode DEFAULT group default qlen 1000
    link/ether 98:03:9b:7f:80:88 brd ff:ff:ff:ff:ff:ff
    vf 0 MAC 00:00:00:00:00:00, spoof checking off, link-state auto, trust off, query_rss off
    vf 1 MAC 00:00:00:00:00:00, spoof checking off, link-state auto, trust off, query_rss off
    vf 2 MAC 00:00:00:00:00:00, spoof checking off, link-state auto, trust off, query_rss off
    vf 3 MAC fa:16:3e:3d:33:d6, spoof checking on, link-state enable, trust off, query_rss off

VF Present for port p4p1
6
Test Successful
