==========================================================================================================
====TEST CASE 7: Verify OVS Offloading for sriov instance to sriov instance in different scenarios    ====
====  .diff compute diff network ====
==========================================================================================================
Creating Sriov Offload Enabled Network: sriov_net1
Creating Sriov Offload Enabled SubNet: sriov_subnet1
Creating Sriov Offload Enabled Port: s_port1
Setting Switchdev Capabilities to Port: s_port1
Creating Sriov Offload Enabled Network: sriov_net2
Creating Sriov Offload Enabled SubNet: sriov_subnet2
Creating Sriov Offload Enabled Port: s_port2
Setting Switchdev Capabilities to Port: s_port2
Creating Router: sriov_router
Network already exists with the same name.
Setting Switchdev Capabilities to Port: s_port1
Creating Router: sriov_router
Router already exists.
Creating Server with Port ID..
Creating & Assigning Floating IP..
Instance >> Fixed IP: (192.168.70.14) , Floating IP: (100.67.154.195)
Network already exists with the same name.
Setting Switchdev Capabilities to Port: s_port2
Creating Router: sriov_router
Router already exists.
Creating Server with Port ID..
Creating & Assigning Floating IP..
Instance >> Fixed IP: (192.168.80.4) , Floating IP: (100.67.154.199)
system@ovs-system:
	lookups: hit:3211280 missed:9405404 lost:0
	flows: 31
	masks: hit:57043018 total:5 hit/pkt:4.52
	port 0: ovs-system (internal)
	port 1: br-tenant (internal)
	port 2: mlx_br2 (internal)
	port 3: mlx_br1 (internal)
	port 4: br-bond1 (internal)
	port 5: p4p1
	port 6: p8p1
	port 7: vlan130 (internal)
	port 8: bond0
	port 9: vlan140 (internal)
	port 10: bond1
	port 11: vlan170 (internal)
	port 12: br-ex (internal)
	port 13: br-int (internal)
	port 14: eth1

representor port  eth1
Pinging 192.168.80.4 from 100.67.154.195
PING 192.168.80.4 (192.168.80.4) 56(84) bytes of data.
64 bytes from 192.168.80.4: icmp_seq=1 ttl=63 time=10.0 ms
64 bytes from 192.168.80.4: icmp_seq=2 ttl=63 time=0.323 ms
64 bytes from 192.168.80.4: icmp_seq=3 ttl=63 time=0.211 ms
64 bytes from 192.168.80.4: icmp_seq=4 ttl=63 time=0.298 ms
64 bytes from 192.168.80.4: icmp_seq=5 ttl=63 time=0.293 ms

--- 192.168.80.4 ping statistics ---
5 packets transmitted, 5 received, 0% packet loss, time 4001ms
rtt min/avg/max/mdev = 0.211/2.233/10.041/3.904 ms

---Ping Successful!
tcpdump command result tcpdump: eth1: No such device exists
(SIOCGIFHWADDR: No such device)

Error encountered while executing command: sudo tcpdump -nnn -i  eth1
Test 7 diff compute and diff network successful
Deleting Server: s_instance1..
Server Deleted successfully
Deleting all unattached floating IPs.
Deleting Server: s_instance2..
Server Deleted successfully
Deleting all unattached floating IPs.
Deleting Network: sriov_net1 and sriov_net2
Deleting Interfaces..
Interface Deleted successfully
Deleting Interfaces..
Interface Deleted successfully
Deleting Port..
Port Deleted successfully
Deleting Port..
Port Deleted successfully
Deleting Subnetwork..
Subnetwork Deleted successfully
Deleting Subnetwork..
Subnetwork Deleted successfully
Deleting Network..
Network Deleted successfully
Deleting Network..
Network Deleted successfully
Deleting Router: sriov_router..
Router Deleted successfully
