==========================================================================================================
====         TEST CASE 1:     Create SRIOV OFFLOAD Enabled Instance.                                     =====
==========================================================================================================
Network already exists with the same name.
Creating Sriov Enabled SubNet: sriov_subnet
Creating Sriov Enabled Port: s_port
Creating Router: sriov_router
Creating Server with Port ID..

Unable to create server with port id!
Error: <type 'exceptions.AttributeError'>
Cause: 'NoneType' object has no attribute 'id'
Line No: 827 

Unable to execute test case 1

Error: <type 'exceptions.KeyboardInterrupt'>
Cause: 
Line No: 259 

Deleting Server: s_instance..
Server deletion failed!
Deleting all unattached floating IPs.
Deleting Network & Router..
Deleting Interfaces..
Interface Deleted successfully
Deleting Port..
Port Deleted successfully
Deleting Subnetwork..
Subnet Deleted successfully
Deleting Network..
Network Deleted successfully
Deleting Router..
Router Deleted successfully
