==========================================================================================================
====TEST CASE 7: Verify OVS Offloading for sriov instance to sriov instance in different scenarios    ====
====  .diff compute diff network ====
==========================================================================================================
Creating Sriov Offload Enabled Network: sriov_net1
Creating Sriov Offload Enabled SubNet: sriov_subnet1
Creating Sriov Offload Enabled Port: s_port1
Setting Switchdev Capabilities to Port: s_port1
Creating Sriov Offload Enabled Network: sriov_net2
Creating Sriov Offload Enabled SubNet: sriov_subnet2
Creating Sriov Offload Enabled Port: s_port2
Setting Switchdev Capabilities to Port: s_port2
Creating Router: sriov_router
Network already exists with the same name.
Setting Switchdev Capabilities to Port: s_port1
Creating Router: sriov_router
Router already exists.
Creating Server with Port ID..
Creating & Assigning Floating IP..
Instance >> Fixed IP: (192.168.70.5) , Floating IP: (100.67.154.197)
Network already exists with the same name.
Setting Switchdev Capabilities to Port: s_port2
Creating Router: sriov_router
Router already exists.
Creating Server with Port ID..
Creating & Assigning Floating IP..
Instance >> Fixed IP: (192.168.80.20) , Floating IP: (100.67.154.195)
system@ovs-system:
	lookups: hit:3802364 missed:10024391 lost:0
	flows: 39
	masks: hit:63442765 total:7 hit/pkt:4.59
	port 0: ovs-system (internal)
	port 1: br-tenant (internal)
	port 2: mlx_br2 (internal)
	port 3: mlx_br1 (internal)
	port 4: br-bond1 (internal)
	port 5: p4p1
	port 6: p8p1
	port 7: vlan130 (internal)
	port 8: bond0
	port 9: vlan140 (internal)
	port 10: bond1
	port 11: vlan170 (internal)
	port 12: br-ex (internal)
	port 13: br-int (internal)
	port 14: eth1

representor port  eth1

Error encountered while checking ovs offload of instance2: 192.168.80.20 and instance1: 100.67.154.197

Error: <type 'exceptions.NameError'>
Cause: global name 'execute_tcp_dump' is not defined
Line No: 349 

Unable to execute test case 7

Error: <type 'exceptions.UnboundLocalError'>
Cause: local variable 'output' referenced before assignment
Line No: 688 

Deleting Server: s_instance1..
Server Deleted successfully
Deleting all unattached floating IPs.
Deleting Server: s_instance2..
Server Deleted successfully
Deleting all unattached floating IPs.
Deleting Network: sriov_net1 and sriov_net2
Deleting Interfaces..
Interface Deleted successfully
Deleting Interfaces..
Interface Deleted successfully
Deleting Port..
Port Deleted successfully
Deleting Port..
Port Deleted successfully
Deleting Subnetwork..
Subnetwork Deleted successfully
Deleting Subnetwork..
Subnetwork Deleted successfully
Deleting Network..
Network Deleted successfully
Deleting Network..
Network Deleted successfully
Deleting Router: sriov_router..
Router Deleted successfully
