==========================================================================================================
====TEST CASE 7: Verify OVS Offloading for sriov instance to sriov instance in different scenarios    ====
====  .diff compute diff network ====
==========================================================================================================
Deleting Server: s_instance1..
Server Deleted successfully
Deleting all unattached floating IPs.
Deleting Server: s_instance2..
Server Deleted successfully
Deleting all unattached floating IPs.
Deleting Network: sriov_net1 and sriov_net2
Deleting Interfaces..
Interface Deleted successfully
Deleting Interfaces..
Interface Deleted successfully
Deleting Port..
Port Deleted successfully
Deleting Port..
Port Deleted successfully
Deleting Subnetwork..
Subnetwork Deleted successfully
Deleting Subnetwork..
Subnetwork Deleted successfully
Deleting Network..
Network Deleted successfully
Deleting Network..
Network Deleted successfully
Deleting Router: sriov_router..
Router Deleted successfully
