==========================================================================================================
====         TEST CASE 1:     Create SRIOV Enabled Instance.                                     =====
==========================================================================================================
Deleting Server: s_instance..
Server Deleted successfully
Deleting all unattached floating IPs.
Deleting Network & Router..
Deleting Interfaces..
Interface Deleted successfully
Deleting Port..
Port Deleted successfully
Deleting Subnetwork..
Subnet Deleted successfully
Deleting Network..
Network Deleted successfully
Deleting Router..
Router Deleted successfully
Unable to execute test case 1

Error: <type 'exceptions.SystemExit'>
Cause: None
Line No: 245 

Deleting Server: s_instance..
Server deletion failed!
Deleting all unattached floating IPs.
Deleting Network & Router..
