==========================================================================================================
====         TEST CASE 1:     Verify the VFs creations on compute node.                          =====
==========================================================================================================
sriov_vf_count=4
['4']
ComputeSriovInterface1=p8p1
ComputeSriovInterface2=p4p1
['p8p1', 'p4p1']
['p8p1', 'p4p1']
p4p1
p4p1_1
p4p1_3
p8p1
p8p1_2
['p4p1', 'p4p1_1', 'p4p1_3', 'p8p1', 'p8p1_2']
5
vfcount in ini ['4']
vfport on stamp ['p4p1', 'p4p1_1', 'p4p1_3', 'p8p1', 'p8p1_2']
ComputeSriovInterface1=p8p1
ComputeSriovInterface2=p4p1
['p8p1', 'p4p1']
['p8p1', 'p4p1']
p4p1
p8p1
['p4p1', 'p8p1']
2
vfcount in ini ['4']
vfport on stamp ['p4p1', 'p8p1']
ComputeSriovInterface1=p8p1
ComputeSriovInterface2=p4p1
['p8p1', 'p4p1']
['p8p1', 'p4p1']
p4p1
p4p1_3
p8p1
['p4p1', 'p4p1_3', 'p8p1']
3
vfcount in ini ['4']
vfport on stamp ['p4p1', 'p4p1_3', 'p8p1']
