==========================================================================================================
====  TEST CASE 6:     Ping an sriov instance to legacy instance in different scenarios             ====
====  .same compute same network ====
==========================================================================================================
Creating Sriov Enabled Network: sriov_legacy_net
Creating Sriov Enabled SubNet: sriov_legacy_subnet
Creating Sriov Enabled Port: s_port
Creating Router: sriov_legacy_router
Network already exists with the same name.
Creating Router: sriov_legacy_router
Router already exists.
Creating Server with Port ID..
Creating & Assigning Floating IP..
Instance >> Fixed IP: (192.168.100.4) , Floating IP: (100.82.39.84)
Creating Network: sriov_legacy_net
Network already exists with the same name.
Creating Router: sriov_legacy_router
Router already exists.
Creating Server: l_instance
Server Count: 1

Unable to create server!
Error: <type 'exceptions.AttributeError'>
Cause: 'NoneType' object has no attribute 'id'
Line No: 690 


Unable to create 1 instances on same compute and same network
Error: <type 'exceptions.AttributeError'>
Cause: 'NoneType' object has no attribute 'id'
Line No: 1137 

Unable to execute test case 6

Error: <type 'exceptions.TypeError'>
Cause: 'NoneType' object has no attribute '__getitem__'
Line No: 605 

Deleting Server: s_instance..
Server Deleted successfully
Deleting all unattached floating IPs.
Deleting Server: l_instance..
Server deletion failed!
Deleting all unattached floating IPs.
Deleting Network & Router..
Deleting Interfaces..
Interface Deleted successfully
Deleting Port..
Port Deleted successfully
Deleting Subnetwork..
Subnet Deleted successfully
Deleting Network..
Network Deleted successfully
Deleting Router..
Router Deleted successfully
